# JRE version: OpenJDK Runtime Environment Temurin-21.0.11+10 (21.0.11+10) (build 21.0.11+10-LTS)
# Java VM: OpenJDK 64-Bit Server VM Temurin-21.0.11+10 (21.0.11+10-LTS, mixed mode, sharing, tiered, compressed oops, compressed class ptrs, parallel gc, windows-amd64)
GC Precious Log:
 CardTable entry size: 512
 CPUs: 12 total, 12 available
 Memory: 12011M
 Large Page Support: Disabled
 NUMA Support: Disabled
 Compressed Oops: Enabled (32-bit)
 Alignments: Space 512K, Generation 512K, Heap 2M
 Heap Min Capacity: 100M
 Heap Initial Capacity: 100M
 Heap Max Capacity: 2G
 Pre-touch: Disabled
 Parallel Workers: 10
Heap:
 PSYoungGen      total 23552K, used 13576K [0x00000000d5580000, 0x00000000d6e80000, 0x0000000100000000)
  eden space 22016K, 59% used [0x00000000d5580000,0x00000000d6242000,0x00000000d6b00000)
  from space 1536K, 33% used [0x00000000d6b80000,0x00000000d6c00000,0x00000000d6d00000)
  to   space 1024K, 0% used [0x00000000d6d80000,0x00000000d6d80000,0x00000000d6e80000)
 ParOldGen       total 68608K, used 42388K [0x0000000080000000, 0x0000000084300000, 0x00000000d5580000)
  object space 68608K, 61% used [0x0000000080000000,0x00000000829650f0,0x0000000084300000)
 Metaspace       used 63227K, committed 64576K, reserved 1114112K
  class space    used 8062K, committed 8640K, reserved 1048576K
GC Heap History (20 events):
Event: 31.411 GC heap before
{Heap before GC invocations=35 (full 3):
 PSYoungGen      total 22528K, used 22502K [0x00000000d5580000, 0x00000000d7100000, 0x0000000100000000)
  eden space 22016K, 100% used [0x00000000d5580000,0x00000000d6b00000,0x00000000d6b00000)
  from space 512K, 95% used [0x00000000d7000000,0x00000000d7079a10,0x00000000d7080000)
  to   space 512K, 0% used [0x00000000d7080000,0x00000000d7080000,0x00000000d7100000)
 ParOldGen       total 68608K, used 38849K [0x0000000080000000, 0x0000000084300000, 0x00000000d5580000)
  object space 68608K, 56% used [0x0000000080000000,0x00000000825f0460,0x0000000084300000)
 Metaspace       used 60321K, committed 61568K, reserved 1114112K
  class space    used 7662K, committed 8192K, reserved 1048576K
}
Event: 31.413 GC heap after
{Heap after GC invocations=35 (full 3):
 PSYoungGen      total 22528K, used 511K [0x00000000d5580000, 0x00000000d7100000, 0x0000000100000000)
  eden space 22016K, 0% used [0x00000000d5580000,0x00000000d5580000,0x00000000d6b00000)
  from space 512K, 99% used [0x00000000d7080000,0x00000000d70ffdb8,0x00000000d7100000)
  to   space 1536K, 0% used [0x00000000d6e00000,0x00000000d6e00000,0x00000000d6f80000)
 ParOldGen       total 68608K, used 39543K [0x0000000080000000, 0x0000000084300000, 0x00000000d5580000)
  object space 68608K, 57% used [0x0000000080000000,0x000000008269de48,0x0000000084300000)
 Metaspace       used 60321K, committed 61568K, reserved 1114112K
  class space    used 7662K, committed 8192K, reserved 1048576K
}
Event: 31.703 GC heap before
{Heap before GC invocations=36 (full 3):
 PSYoungGen      total 22528K, used 22527K [0x00000000d5580000, 0x00000000d7100000, 0x0000000100000000)
  eden space 22016K, 100% used [0x00000000d5580000,0x00000000d6b00000,0x00000000d6b00000)
  from space 512K, 99% used [0x00000000d7080000,0x00000000d70ffdb8,0x00000000d7100000)
  to   space 1536K, 0% used [0x00000000d6e00000,0x00000000d6e00000,0x00000000d6f80000)
 ParOldGen       total 68608K, used 39543K [0x0000000080000000, 0x0000000084300000, 0x00000000d5580000)
  object space 68608K, 57% used [0x0000000080000000,0x000000008269de48,0x0000000084300000)
 Metaspace       used 60322K, committed 61568K, reserved 1114112K
  class space    used 7662K, committed 8192K, reserved 1048576K
}
Event: 31.704 GC heap after
{Heap after GC invocations=36 (full 3):
 PSYoungGen      total 23552K, used 362K [0x00000000d5580000, 0x00000000d7100000, 0x0000000100000000)
  eden space 22016K, 0% used [0x00000000d5580000,0x00000000d5580000,0x00000000d6b00000)
  from space 1536K, 23% used [0x00000000d6e00000,0x00000000d6e5a9a0,0x00000000d6f80000)
  to   space 1024K, 0% used [0x00000000d7000000,0x00000000d7000000,0x00000000d7100000)
 ParOldGen       total 68608K, used 39711K [0x0000000080000000, 0x0000000084300000, 0x00000000d5580000)
  object space 68608K, 57% used [0x0000000080000000,0x00000000826c7e48,0x0000000084300000)
 Metaspace       used 60322K, committed 61568K, reserved 1114112K
  class space    used 7662K, committed 8192K, reserved 1048576K
}
Event: 31.944 GC heap before
{Heap before GC invocations=37 (full 3):
 PSYoungGen      total 23552K, used 22378K [0x00000000d5580000, 0x00000000d7100000, 0x0000000100000000)
  eden space 22016K, 100% used [0x00000000d5580000,0x00000000d6b00000,0x00000000d6b00000)
  from space 1536K, 23% used [0x00000000d6e00000,0x00000000d6e5a9a0,0x00000000d6f80000)
  to   space 1024K, 0% used [0x00000000d7000000,0x00000000d7000000,0x00000000d7100000)
 ParOldGen       total 68608K, used 39711K [0x0000000080000000, 0x0000000084300000, 0x00000000d5580000)
  object space 68608K, 57% used [0x0000000080000000,0x00000000826c7e48,0x0000000084300000)
 Metaspace       used 60427K, committed 61696K, reserved 1114112K
  class space    used 7665K, committed 8192K, reserved 1048576K
}
Event: 31.946 GC heap after
{Heap after GC invocations=37 (full 3):
 PSYoungGen      total 23040K, used 1023K [0x00000000d5580000, 0x00000000d7100000, 0x0000000100000000)
  eden space 22016K, 0% used [0x00000000d5580000,0x00000000d5580000,0x00000000d6b00000)
  from space 1024K, 99% used [0x00000000d7000000,0x00000000d70ffd00,0x00000000d7100000)
  to   space 2048K, 0% used [0x00000000d6d00000,0x00000000d6d00000,0x00000000d6f00000)
 ParOldGen       total 68608K, used 40113K [0x0000000080000000, 0x0000000084300000, 0x00000000d5580000)
  object space 68608K, 58% used [0x0000000080000000,0x000000008272c748,0x0000000084300000)
 Metaspace       used 60427K, committed 61696K, reserved 1114112K
  class space    used 7665K, committed 8192K, reserved 1048576K
}
Event: 32.211 GC heap before
{Heap before GC invocations=38 (full 3):
 PSYoungGen      total 23040K, used 23039K [0x00000000d5580000, 0x00000000d7100000, 0x0000000100000000)
  eden space 22016K, 100% used [0x00000000d5580000,0x00000000d6b00000,0x00000000d6b00000)
  from space 1024K, 99% used [0x00000000d7000000,0x00000000d70ffd00,0x00000000d7100000)
  to   space 2048K, 0% used [0x00000000d6d00000,0x00000000d6d00000,0x00000000d6f00000)
 ParOldGen       total 68608K, used 40113K [0x0000000080000000, 0x0000000084300000, 0x00000000d5580000)
  object space 68608K, 58% used [0x0000000080000000,0x000000008272c748,0x0000000084300000)
 Metaspace       used 60560K, committed 61824K, reserved 1114112K
  class space    used 7671K, committed 8192K, reserved 1048576K
}
Event: 32.214 GC heap after
{Heap after GC invocations=38 (full 3):
 PSYoungGen      total 23552K, used 1501K [0x00000000d5580000, 0x00000000d7080000, 0x0000000100000000)
  eden space 22016K, 0% used [0x00000000d5580000,0x00000000d5580000,0x00000000d6b00000)
  from space 1536K, 97% used [0x00000000d6d00000,0x00000000d6e77748,0x00000000d6e80000)
  to   space 2048K, 0% used [0x00000000d6e80000,0x00000000d6e80000,0x00000000d7080000)
 ParOldGen       total 68608K, used 40369K [0x0000000080000000, 0x0000000084300000, 0x00000000d5580000)
  object space 68608K, 58% used [0x0000000080000000,0x000000008276c758,0x0000000084300000)
 Metaspace       used 60560K, committed 61824K, reserved 1114112K
  class space    used 7671K, committed 8192K, reserved 1048576K
}
Event: 32.514 GC heap before
{Heap before GC invocations=39 (full 3):
 PSYoungGen      total 23552K, used 23517K [0x00000000d5580000, 0x00000000d7080000, 0x0000000100000000)
  eden space 22016K, 100% used [0x00000000d5580000,0x00000000d6b00000,0x00000000d6b00000)
  from space 1536K, 97% used [0x00000000d6d00000,0x00000000d6e77748,0x00000000d6e80000)
  to   space 2048K, 0% used [0x00000000d6e80000,0x00000000d6e80000,0x00000000d7080000)
 ParOldGen       total 68608K, used 40369K [0x0000000080000000, 0x0000000084300000, 0x00000000d5580000)
  object space 68608K, 58% used [0x0000000080000000,0x000000008276c758,0x0000000084300000)
 Metaspace       used 60560K, committed 61824K, reserved 1114112K
  class space    used 7671K, committed 8192K, reserved 1048576K
}
Event: 32.516 GC heap after
{Heap after GC invocations=39 (full 3):
 PSYoungGen      total 23040K, used 844K [0x00000000d5580000, 0x00000000d6f80000, 0x0000000100000000)
  eden space 22016K, 0% used [0x00000000d5580000,0x00000000d5580000,0x00000000d6b00000)
  from space 1024K, 82% used [0x00000000d6e80000,0x00000000d6f531c8,0x00000000d6f80000)
  to   space 1536K, 0% used [0x00000000d6c80000,0x00000000d6c80000,0x00000000d6e00000)
 ParOldGen       total 68608K, used 40695K [0x0000000080000000, 0x0000000084300000, 0x00000000d5580000)
  object space 68608K, 59% used [0x0000000080000000,0x00000000827bdd20,0x0000000084300000)
 Metaspace       used 60560K, committed 61824K, reserved 1114112K
  class space    used 7671K, committed 8192K, reserved 1048576K
}
Event: 32.799 GC heap before
{Heap before GC invocations=40 (full 3):
 PSYoungGen      total 23040K, used 22860K [0x00000000d5580000, 0x00000000d6f80000, 0x0000000100000000)
  eden space 22016K, 100% used [0x00000000d5580000,0x00000000d6b00000,0x00000000d6b00000)
  from space 1024K, 82% used [0x00000000d6e80000,0x00000000d6f531c8,0x00000000d6f80000)
  to   space 1536K, 0% used [0x00000000d6c80000,0x00000000d6c80000,0x00000000d6e00000)
 ParOldGen       total 68608K, used 40695K [0x0000000080000000, 0x0000000084300000, 0x00000000d5580000)
  object space 68608K, 59% used [0x0000000080000000,0x00000000827bdd20,0x0000000084300000)
 Metaspace       used 60560K, committed 61824K, reserved 1114112K
  class space    used 7671K, committed 8192K, reserved 1048576K
}
Event: 32.800 GC heap after
{Heap after GC invocations=40 (full 3):
 PSYoungGen      total 23552K, used 330K [0x00000000d5580000, 0x00000000d6f00000, 0x0000000100000000)
  eden space 22016K, 0% used [0x00000000d5580000,0x00000000d5580000,0x00000000d6b00000)
  from space 1536K, 21% used [0x00000000d6c80000,0x00000000d6cd29a0,0x00000000d6e00000)
  to   space 1024K, 0% used [0x00000000d6e00000,0x00000000d6e00000,0x00000000d6f00000)
 ParOldGen       total 68608K, used 40727K [0x0000000080000000, 0x0000000084300000, 0x00000000d5580000)
  object space 68608K, 59% used [0x0000000080000000,0x00000000827c5d20,0x0000000084300000)
 Metaspace       used 60560K, committed 61824K, reserved 1114112K
  class space    used 7671K, committed 8192K, reserved 1048576K
}
Event: 33.052 GC heap before
{Heap before GC invocations=41 (full 3):
 PSYoungGen      total 23552K, used 22346K [0x00000000d5580000, 0x00000000d6f00000, 0x0000000100000000)
  eden space 22016K, 100% used [0x00000000d5580000,0x00000000d6b00000,0x00000000d6b00000)
  from space 1536K, 21% used [0x00000000d6c80000,0x00000000d6cd29a0,0x00000000d6e00000)
  to   space 1024K, 0% used [0x00000000d6e00000,0x00000000d6e00000,0x00000000d6f00000)
 ParOldGen       total 68608K, used 40727K [0x0000000080000000, 0x0000000084300000, 0x00000000d5580000)
  object space 68608K, 59% used [0x0000000080000000,0x00000000827c5d20,0x0000000084300000)
 Metaspace       used 60560K, committed 61824K, reserved 1114112K
  class space    used 7671K, committed 8192K, reserved 1048576K
}
Event: 33.053 GC heap after
{Heap after GC invocations=41 (full 3):
 PSYoungGen      total 22528K, used 288K [0x00000000d5580000, 0x00000000d6e80000, 0x0000000100000000)
  eden space 22016K, 0% used [0x00000000d5580000,0x00000000d5580000,0x00000000d6b00000)
  from space 512K, 56% used [0x00000000d6e00000,0x00000000d6e48000,0x00000000d6e80000)
  to   space 512K, 0% used [0x00000000d6d80000,0x00000000d6d80000,0x00000000d6e00000)
 ParOldGen       total 68608K, used 40835K [0x0000000080000000, 0x0000000084300000, 0x00000000d5580000)
  object space 68608K, 59% used [0x0000000080000000,0x00000000827e0df0,0x0000000084300000)
 Metaspace       used 60560K, committed 61824K, reserved 1114112K
  class space    used 7671K, committed 8192K, reserved 1048576K
}
Event: 33.267 GC heap before
{Heap before GC invocations=42 (full 3):
 PSYoungGen      total 22528K, used 22304K [0x00000000d5580000, 0x00000000d6e80000, 0x0000000100000000)
  eden space 22016K, 100% used [0x00000000d5580000,0x00000000d6b00000,0x00000000d6b00000)
  from space 512K, 56% used [0x00000000d6e00000,0x00000000d6e48000,0x00000000d6e80000)
  to   space 512K, 0% used [0x00000000d6d80000,0x00000000d6d80000,0x00000000d6e00000)
 ParOldGen       total 68608K, used 40835K [0x0000000080000000, 0x0000000084300000, 0x00000000d5580000)
  object space 68608K, 59% used [0x0000000080000000,0x00000000827e0df0,0x0000000084300000)
 Metaspace       used 60560K, committed 61824K, reserved 1114112K
  class space    used 7671K, committed 8192K, reserved 1048576K
}
Event: 33.268 GC heap after
{Heap after GC invocations=42 (full 3):
 PSYoungGen      total 22528K, used 496K [0x00000000d5580000, 0x00000000d6e80000, 0x0000000100000000)
  eden space 22016K, 0% used [0x00000000d5580000,0x00000000d5580000,0x00000000d6b00000)
  from space 512K, 96% used [0x00000000d6d80000,0x00000000d6dfc280,0x00000000d6e00000)
  to   space 512K, 0% used [0x00000000d6e00000,0x00000000d6e00000,0x00000000d6e80000)
 ParOldGen       total 68608K, used 41428K [0x0000000080000000, 0x0000000084300000, 0x00000000d5580000)
  object space 68608K, 60% used [0x0000000080000000,0x00000000828751a0,0x0000000084300000)
 Metaspace       used 60560K, committed 61824K, reserved 1114112K
  class space    used 7671K, committed 8192K, reserved 1048576K
}
Event: 33.550 GC heap before
{Heap before GC invocations=43 (full 3):
 PSYoungGen      total 22528K, used 22512K [0x00000000d5580000, 0x00000000d6e80000, 0x0000000100000000)
  eden space 22016K, 99% used [0x00000000d5580000,0x00000000d6affe20,0x00000000d6b00000)
  from space 512K, 96% used [0x00000000d6d80000,0x00000000d6dfc280,0x00000000d6e00000)
  to   space 512K, 0% used [0x00000000d6e00000,0x00000000d6e00000,0x00000000d6e80000)
 ParOldGen       total 68608K, used 41428K [0x0000000080000000, 0x0000000084300000, 0x00000000d5580000)
  object space 68608K, 60% used [0x0000000080000000,0x00000000828751a0,0x0000000084300000)
 Metaspace       used 60560K, committed 61824K, reserved 1114112K
  class space    used 7671K, committed 8192K, reserved 1048576K
}
Event: 33.552 GC heap after
{Heap after GC invocations=43 (full 3):
 PSYoungGen      total 22528K, used 485K [0x00000000d5580000, 0x00000000d6e80000, 0x0000000100000000)
  eden space 22016K, 0% used [0x00000000d5580000,0x00000000d5580000,0x00000000d6b00000)
  from space 512K, 94% used [0x00000000d6e00000,0x00000000d6e79458,0x00000000d6e80000)
  to   space 1536K, 0% used [0x00000000d6b80000,0x00000000d6b80000,0x00000000d6d00000)
 ParOldGen       total 68608K, used 42324K [0x0000000080000000, 0x0000000084300000, 0x00000000d5580000)
  object space 68608K, 61% used [0x0000000080000000,0x00000000829550f0,0x0000000084300000)
 Metaspace       used 60560K, committed 61824K, reserved 1114112K
  class space    used 7671K, committed 8192K, reserved 1048576K
}
Event: 33.949 GC heap before
{Heap before GC invocations=44 (full 3):
 PSYoungGen      total 22528K, used 22501K [0x00000000d5580000, 0x00000000d6e80000, 0x0000000100000000)
  eden space 22016K, 100% used [0x00000000d5580000,0x00000000d6b00000,0x00000000d6b00000)
  from space 512K, 94% used [0x00000000d6e00000,0x00000000d6e79458,0x00000000d6e80000)
  to   space 1536K, 0% used [0x00000000d6b80000,0x00000000d6b80000,0x00000000d6d00000)
 ParOldGen       total 68608K, used 42324K [0x0000000080000000, 0x0000000084300000, 0x00000000d5580000)
  object space 68608K, 61% used [0x0000000080000000,0x00000000829550f0,0x0000000084300000)
 Metaspace       used 61708K, committed 63040K, reserved 1114112K
  class space    used 7834K, committed 8448K, reserved 1048576K
}
Event: 33.950 GC heap after
{Heap after GC invocations=44 (full 3):
 PSYoungGen      total 23552K, used 512K [0x00000000d5580000, 0x00000000d6e80000, 0x0000000100000000)
  eden space 22016K, 0% used [0x00000000d5580000,0x00000000d5580000,0x00000000d6b00000)
  from space 1536K, 33% used [0x00000000d6b80000,0x00000000d6c00000,0x00000000d6d00000)
  to   space 1024K, 0% used [0x00000000d6d80000,0x00000000d6d80000,0x00000000d6e80000)
 ParOldGen       total 68608K, used 42388K [0x0000000080000000, 0x0000000084300000, 0x00000000d5580000)
  object space 68608K, 61% used [0x0000000080000000,0x00000000829650f0,0x0000000084300000)
 Metaspace       used 61708K, committed 63040K, reserved 1114112K
  class space    used 7834K, committed 8448K, reserved 1048576K
}

